#
# There is insufficient memory for the Java Runtime Environment to continue.
# Native memory allocation (malloc) failed to allocate 32744 bytes for ChunkPool::allocate
# Possible reasons:
#   The system is out of physical RAM or swap space
#   The process is running with CompressedOops enabled, and the Java Heap may be blocking the growth of the native heap
# Possible solutions:
#   Reduce memory load on the system
#   Increase physical memory or swap space
#   Check if swap backing store is full
#   Decrease Java heap size (-Xmx/-Xms)
#   Decrease number of Java threads
#   Decrease Java thread stack sizes (-Xss)
#   Set larger code cache with -XX:ReservedCodeCacheSize=
#   JVM is running with Zero Based Compressed Oops mode in which the Java heap is
#     placed in the first 32GB address space. The Java Heap base address is the
#     maximum limit for the native heap growth. Please use -XX:HeapBaseMinAddress
#     to set the Java Heap base and to place the Java Heap above 32GB virtual address.
# This output file may be truncated or incomplete.
#
#  Out of Memory Error (t:/workspace/hotspot/src/share/vm/memory/allocation.cpp:256), pid=12500, tid=32344
#
# JRE version: Java(TM) SE Runtime Environment (9.0+11) (build 9.0.4+11)
# Java VM: Java HotSpot(TM) 64-Bit Server VM (9.0.4+11, mixed mode, tiered, compressed oops, g1 gc, windows-amd64)
# No core dump will be written. Minidumps are not enabled by default on client versions of Windows
#

---------------  S U M M A R Y ------------

Command Line: -Dfile.encoding=UTF-8 -Djava.security.policy=applet.policy graph_visualization.NewFXMain

Host: Intel(R) Core(TM) i7-7700 CPU @ 3.60GHz, 8 cores, 15G,  Windows 10 , 64 bit Build 18362 (10.0.18362.329)
Time: Sat Apr 11 19:50:10 2020 Jerusalem Daylight Time elapsed time: 0 seconds (0d 0h 0m 0s)

---------------  T H R E A D  ---------------

Current thread (0x000001dada789000):  JavaThread "C2 CompilerThread0" daemon [_thread_in_native, id=32344, stack(0x0000005bf1a00000,0x0000005bf1b00000)]


Current CompileTask:
C2:    370  674       4       jdk.internal.org.objectweb.asm.ClassWriter::newUTF8 (70 bytes)

Stack: [0x0000005bf1a00000,0x0000005bf1b00000]
Native frames: (J=compiled Java code, j=interpreted, Vv=VM code, C=native code)
V  [jvm.dll+0x587068]

[error occurred during error reporting (printing native stack), id 0xe0000001]


---------------  P R O C E S S  ---------------

Java Threads: ( => current thread )
  0x000001dadb97d000 JavaThread "Thread-2" daemon [_thread_in_native, id=28644, stack(0x0000005bf2600000,0x0000005bf2700000)]
  0x000001dadb982000 JavaThread "JavaFX-Launcher" [_thread_blocked, id=24224, stack(0x0000005bf2700000,0x0000005bf2800000)]
  0x000001dadb6dd000 JavaThread "JavaFX Application Thread" [_thread_in_vm, id=16272, stack(0x0000005bf2500000,0x0000005bf2600000)]
  0x000001dadb6da000 JavaThread "InvokeLaterDispatcher" daemon [_thread_blocked, id=28384, stack(0x0000005bf2400000,0x0000005bf2500000)]
  0x000001dadb5f2000 JavaThread "QuantumRenderer-0" daemon [_thread_blocked, id=20144, stack(0x0000005bf2200000,0x0000005bf2300000)]
  0x000001dadb1c0800 JavaThread "Service Thread" daemon [_thread_blocked, id=11068, stack(0x0000005bf2000000,0x0000005bf2100000)]
  0x000001dadb0c5800 JavaThread "Common-Cleaner" daemon [_thread_blocked, id=14088, stack(0x0000005bf1f00000,0x0000005bf2000000)]
  0x000001dadafea000 JavaThread "Sweeper thread" daemon [_thread_blocked, id=2952, stack(0x0000005bf1e00000,0x0000005bf1f00000)]
  0x000001dadafe4000 JavaThread "C1 CompilerThread3" daemon [_thread_in_native, id=29540, stack(0x0000005bf1d00000,0x0000005bf1e00000)]
  0x000001dada78c000 JavaThread "C2 CompilerThread2" daemon [_thread_blocked, id=8108, stack(0x0000005bf1c00000,0x0000005bf1d00000)]
  0x000001dada78b000 JavaThread "C2 CompilerThread1" daemon [_thread_blocked, id=25944, stack(0x0000005bf1b00000,0x0000005bf1c00000)]
=>0x000001dada789000 JavaThread "C2 CompilerThread0" daemon [_thread_in_native, id=32344, stack(0x0000005bf1a00000,0x0000005bf1b00000)]
  0x000001dadafe3800 JavaThread "Attach Listener" daemon [_thread_blocked, id=18096, stack(0x0000005bf1900000,0x0000005bf1a00000)]
  0x000001dadafe2800 JavaThread "Signal Dispatcher" daemon [_thread_blocked, id=18664, stack(0x0000005bf1800000,0x0000005bf1900000)]
  0x000001dada785000 JavaThread "Finalizer" daemon [_thread_blocked, id=32368, stack(0x0000005bf1700000,0x0000005bf1800000)]
  0x000001dada784000 JavaThread "Reference Handler" daemon [_thread_blocked, id=7960, stack(0x0000005bf1600000,0x0000005bf1700000)]
  0x000001dab21c0000 JavaThread "main" [_thread_blocked, id=24964, stack(0x0000005bf0000000,0x0000005bf0100000)]

Other Threads:
  0x000001dada77f000 VMThread "VM Thread" [stack: 0x0000005bf1500000,0x0000005bf1600000] [id=24320]
  0x000001dadb1c7000 WatcherThread [stack: 0x0000005bf2100000,0x0000005bf2200000] [id=28464]
  0x000001dab21d9800 GCTaskThread "GC Thread#0" [stack: 0x0000005bf0100000,0x0000005bf0200000] [id=27148]
  0x000001dab21da800 GCTaskThread "GC Thread#1" [stack: 0x0000005bf0200000,0x0000005bf0300000] [id=29712]
  0x000001dab21dc800 GCTaskThread "GC Thread#2" [stack: 0x0000005bf0300000,0x0000005bf0400000] [id=9920]
  0x000001dab21df800 GCTaskThread "GC Thread#3" [stack: 0x0000005bf0400000,0x0000005bf0500000] [id=19472]
  0x000001dab21e1000 GCTaskThread "GC Thread#4" [stack: 0x0000005bf0500000,0x0000005bf0600000] [id=33512]
  0x000001dab21e5000 GCTaskThread "GC Thread#5" [stack: 0x0000005bf0600000,0x0000005bf0700000] [id=17648]
  0x000001dab21e6000 GCTaskThread "GC Thread#6" [stack: 0x0000005bf0700000,0x0000005bf0800000] [id=27820]
  0x000001dab21e7800 GCTaskThread "GC Thread#7" [stack: 0x0000005bf0800000,0x0000005bf0900000] [id=27704]
  0x000001dab2262000 ConcurrentGCThread "G1 Main Marker" [stack: 0x0000005bf1200000,0x0000005bf1300000] [id=13940]
  0x000001dab2262800 ConcurrentGCThread "G1 Marker#0" [stack: 0x0000005bf1300000,0x0000005bf1400000] [id=18940]
  0x000001dab2263000 ConcurrentGCThread "G1 Marker#1" [stack: 0x0000005bf1400000,0x0000005bf1500000] [id=29140]
  0x000001dab21fd800 ConcurrentGCThread "G1 Refine#0" [stack: 0x0000005bf1000000,0x0000005bf1100000] [id=3440]
  0x000001dab21fd000 ConcurrentGCThread "G1 Refine#1" [stack: 0x0000005bf0f00000,0x0000005bf1000000] [id=23328]
  0x000001dab21fa000 ConcurrentGCThread "G1 Refine#2" [stack: 0x0000005bf0e00000,0x0000005bf0f00000] [id=17468]
  0x000001dab21f9000 ConcurrentGCThread "G1 Refine#3" [stack: 0x0000005bf0d00000,0x0000005bf0e00000] [id=24472]
  0x000001dab21f8800 ConcurrentGCThread "G1 Refine#4" [stack: 0x0000005bf0c00000,0x0000005bf0d00000] [id=5456]
  0x000001dab21f5000 ConcurrentGCThread "G1 Refine#5" [stack: 0x0000005bf0b00000,0x0000005bf0c00000] [id=31516]
  0x000001dab21f4000 ConcurrentGCThread "G1 Refine#6" [stack: 0x0000005bf0a00000,0x0000005bf0b00000] [id=27848]
  0x000001dab21f1800 ConcurrentGCThread "G1 Refine#7" [stack: 0x0000005bf0900000,0x0000005bf0a00000] [id=10780]
  0x000001dab21ff800 ConcurrentGCThread "G1 Young RemSet Sampling" [stack: 0x0000005bf1100000,0x0000005bf1200000] [id=32552]

Threads with active compile tasks:
C2 CompilerThread0 674       4       jdk.internal.org.objectweb.asm.ClassWriter::newUTF8 (70 bytes)

VM state:not at safepoint (normal execution)

VM Mutex/Monitor currently owned by a thread:  ([mutex/lock_event])
[0x000001dab21bcd90] SystemDictionary_lock - owner thread: 0x0000000000000000

Heap address: 0x00000006c0a00000, size: 4086 MB, Compressed Oops mode: Zero based, Oop shift amount: 3
Narrow klass base: 0x0000000000000000, Narrow klass shift: 3
Compressed class space size: 1073741824 Address: 0x00000007c0000000

Heap:
 garbage-first heap   total 8192K, used 2124K [0x00000006c0a00000, 0x00000006c0b00040, 0x00000007c0000000)
  region size 1024K, 1 young (1024K), 0 survivors (0K)
 Metaspace       used 10414K, capacity 10904K, committed 11136K, reserved 1058816K
  class space    used 1145K, capacity 1283K, committed 1408K, reserved 1048576K
Heap Regions: E=young(eden), S=young(survivor), O=old, HS=humongous(starts), HC=humongous(continues), CS=collection set, F=free, A=archive, TS=gc time stamp, AC=allocation context, TAMS=top-at-mark-start (previous, next)
|   0|0x00000006c0a00000, 0x00000006c0affff0, 0x00000006c0b00000| 99%| O|  |TS  0|AC  0|TAMS 0x00000006c0a00000, 0x00000006c0a00000|
|   1|0x00000006c0b00000, 0x00000006c0bffff8, 0x00000006c0c00000| 99%| O|  |TS  0|AC  0|TAMS 0x00000006c0b00000, 0x00000006c0b00000|
|   2|0x00000006c0c00000, 0x00000006c0c13238, 0x00000006c0d00000|  7%| O|  |TS  0|AC  0|TAMS 0x00000006c0c00000, 0x00000006c0c00000|
|   3|0x00000006c0d00000, 0x00000006c0d00000, 0x00000006c0e00000|  0%| F|  |TS  0|AC  0|TAMS 0x00000006c0d00000, 0x00000006c0d00000|
|   4|0x00000006c0e00000, 0x00000006c0e00000, 0x00000006c0f00000|  0%| F|  |TS  0|AC  0|TAMS 0x00000006c0e00000, 0x00000006c0e00000|
|   5|0x00000006c0f00000, 0x00000006c0f00000, 0x00000006c1000000|  0%| F|  |TS  0|AC  0|TAMS 0x00000006c0f00000, 0x00000006c0f00000|
|   6|0x00000006c1000000, 0x00000006c1000000, 0x00000006c1100000|  0%| F|  |TS  0|AC  0|TAMS 0x00000006c1000000, 0x00000006c1000000|
|   7|0x00000006c1100000, 0x00000006c1114838, 0x00000006c1200000|  8%| E|  |TS  0|AC  0|TAMS 0x00000006c1100000, 0x00000006c1100000|

Card table byte_map: [0x000001daceb50000,0x000001dacf350000] byte_map_base: 0x000001dacb54b000

Marking Bits (Prev, Next): (CMBitMap*) 0x000001dab2261590, (CMBitMap*) 0x000001dab22615c8
 Prev Bits: [0x000001dacfb50000, 0x000001dad3b28000)
 Next Bits: [0x000001dad3b30000, 0x000001dad7b08000)

Polling page: 0x000001dab2140000

CodeHeap 'non-profiled nmethods': size=120000Kb used=235Kb max_used=235Kb free=119764Kb
 bounds [0x000001dac5ca0000, 0x000001dac5f10000, 0x000001dacd1d0000]
CodeHeap 'profiled nmethods': size=120000Kb used=1250Kb max_used=1250Kb free=118749Kb
 bounds [0x000001dabe770000, 0x000001dabe9e0000, 0x000001dac5ca0000]
CodeHeap 'non-nmethods': size=5760Kb used=1276Kb max_used=1285Kb free=4483Kb
 bounds [0x000001dabe1d0000, 0x000001dabe440000, 0x000001dabe770000]
 total_blobs=1366 nmethods=743 adapters=376
 compilation: enabled

Compilation events (10 events):
Event: 0.346 Thread 0x000001dada78c000  715       4       java.lang.Class::getName (21 bytes)
Event: 0.347 Thread 0x000001dadafe4000  716       3       java.lang.invoke.MethodType::basicType (8 bytes)
Event: 0.347 Thread 0x000001dadafe4000 nmethod 716 0x000001dabe895d10 code [0x000001dabe895ec0, 0x000001dabe8960b8]
Event: 0.347 Thread 0x000001dadafe4000  717       3       java.lang.invoke.MemberName::getType (19 bytes)
Event: 0.347 Thread 0x000001dadafe4000 nmethod 717 0x000001dabe896190 code [0x000001dabe896380, 0x000001dabe8968e0]
Event: 0.347 Thread 0x000001dada78c000 nmethod 715 0x000001dac5cd7210 code [0x000001dac5cd73a0, 0x000001dac5cd7528]
Event: 0.347 Thread 0x000001dadafe4000  719       1       java.lang.invoke.InfoFromMemberName::getReferenceKind (5 bytes)
Event: 0.347 Thread 0x000001dadafe4000 nmethod 719 0x000001dac5cd7610 code [0x000001dac5cd77c0, 0x000001dac5cd78d8]
Event: 0.347 Thread 0x000001dadafe4000  720       3       jdk.internal.org.objectweb.asm.AnnotationVisitor::<init> (35 bytes)
Event: 0.347 Thread 0x000001dadafe4000 nmethod 720 0x000001dabe896a10 code [0x000001dabe896be0, 0x000001dabe896f30]

GC Heap History (0 events):
No events

Deoptimization events (2 events):
Event: 0.104 Thread 0x000001dab21c0000 Uncommon trap: reason=unstable_if action=reinterpret pc=0x000001dac5ca5cd4 method=java.lang.String.hashCode()I @ 22 c2
Event: 0.321 Thread 0x000001dab21c0000 Uncommon trap: reason=unstable_if action=reinterpret pc=0x000001dac5ccf1ec method=jdk.internal.org.objectweb.asm.Type.getArgumentsAndReturnSizes(Ljava/lang/String;)I @ 88 c2

Classes redefined (0 events):
No events

Internal exceptions (10 events):
Event: 0.261 Thread 0x000001dab21c0000 Exception <a 'java/lang/NoSuchMethodError'{0x00000006d04b8f88}: method resolution failed> (0x00000006d04b8f88) thrown at [t:/workspace/hotspot/src/share/vm/prims/methodHandles.cpp, line 1256]
Event: 0.262 Thread 0x000001dab21c0000 Exception <a 'java/lang/NoSuchMethodError'{0x00000006d04bf250}: method resolution failed> (0x00000006d04bf250) thrown at [t:/workspace/hotspot/src/share/vm/prims/methodHandles.cpp, line 1256]
Event: 0.314 Thread 0x000001dadb6dd000 Exception <a 'java/lang/NoSuchMethodError'{0x00000006d02233a8}: java.lang.invoke.DirectMethodHandle$Holder.invokeStaticInit(Ljava/lang/Object;)V> (0x00000006d02233a8) thrown at [t:/workspace/hotspot/src/share/vm/interpreter/linkResolver.cpp, line 731]
Event: 0.315 Thread 0x000001dab21c0000 Exception <a 'java/lang/NoSuchMethodError'{0x00000006d04c5af8}: method resolution failed> (0x00000006d04c5af8) thrown at [t:/workspace/hotspot/src/share/vm/prims/methodHandles.cpp, line 1256]
Event: 0.321 Thread 0x000001dab21c0000 Exception <a 'java/lang/NoSuchMethodError'{0x00000006d04dac88}: method resolution failed> (0x00000006d04dac88) thrown at [t:/workspace/hotspot/src/share/vm/prims/methodHandles.cpp, line 1256]
Event: 0.322 Thread 0x000001dadb982000 Exception <a 'java/lang/NoSuchMethodError'{0x00000006d027c9a0}: method resolution failed> (0x00000006d027c9a0) thrown at [t:/workspace/hotspot/src/share/vm/prims/methodHandles.cpp, line 1256]
Event: 0.345 Thread 0x000001dadb6dd000 Exception <a 'java/lang/NoSuchMethodError'{0x00000006d011aef8}: java.lang.invoke.DirectMethodHandle$Holder.invokeStaticInit(Ljava/lang/Object;Ljava/lang/Object;Ljava/lang/Object;Ljava/lang/Object;)Ljava/lang/Object;> (0x00000006d011aef8) thrown at [t:/wor
Event: 0.346 Thread 0x000001dadb6dd000 Exception <a 'java/lang/NullPointerException'{0x00000006d01239e0}> (0x00000006d01239e0) thrown at [t:/workspace/hotspot/src/share/vm/interpreter/linkResolver.cpp, line 1311]
Event: 0.346 Thread 0x000001dadb6dd000 Exception <a 'java/lang/NullPointerException'{0x00000006d01239e0}> (0x00000006d01239e0) thrown at [t:/workspace/hotspot/src/share/vm/prims/jvm.cpp, line 1314]
Event: 0.347 Thread 0x000001dadb6dd000 Exception <a 'java/lang/NoSuchMethodError'{0x00000006d012ceb8}: java.lang.invoke.DirectMethodHandle$Holder.invokeSpecial(Ljava/lang/Object;Ljava/lang/Object;Ljava/lang/Object;Ljava/lang/Object;Ljava/lang/Object;)V> (0x00000006d012ceb8) thrown at [t:/works

Events (10 events):
Event: 0.347 loading class javafx/beans/value/ObservableValue
Event: 0.347 loading class javafx/beans/value/ObservableValue done
Event: 0.347 loading class javafx/scene/Node
Event: 0.347 loading class javafx/scene/Node done
Event: 0.347 loading class javafx/beans/value/ObservableValue
Event: 0.347 loading class javafx/beans/value/ObservableValue done
Event: 0.347 loading class javafx/beans/value/ObservableValue
Event: 0.347 loading class javafx/beans/value/ObservableValue done
Event: 0.347 loading class javafx/scene/Node
Event: 0.347 loading class javafx/scene/Node done


Dynamic libraries:
0x00007ff637a00000 - 0x00007ff637a3e000 	D:\Program Files\Java\jdk-9.0.4\bin\java.exe
0x00007ffd81280000 - 0x00007ffd81470000 	C:\WINDOWS\SYSTEM32\ntdll.dll
0x00007ffd80ab0000 - 0x00007ffd80b62000 	C:\WINDOWS\System32\KERNEL32.DLL
0x00007ffd7ed50000 - 0x00007ffd7eff3000 	C:\WINDOWS\System32\KERNELBASE.dll
0x00007ffd81190000 - 0x00007ffd81233000 	C:\WINDOWS\System32\ADVAPI32.dll
0x00007ffd7fad0000 - 0x00007ffd7fb6e000 	C:\WINDOWS\System32\msvcrt.dll
0x00007ffd7ff50000 - 0x00007ffd7ffe7000 	C:\WINDOWS\System32\sechost.dll
0x00007ffd7f850000 - 0x00007ffd7f970000 	C:\WINDOWS\System32\RPCRT4.dll
0x00007ffd80910000 - 0x00007ffd80aa4000 	C:\WINDOWS\System32\USER32.dll
0x00007ffd7f300000 - 0x00007ffd7f321000 	C:\WINDOWS\System32\win32u.dll
0x00007ffd7f670000 - 0x00007ffd7f696000 	C:\WINDOWS\System32\GDI32.dll
0x00007ffd7f130000 - 0x00007ffd7f2c4000 	C:\WINDOWS\System32\gdi32full.dll
0x00007ffd7e210000 - 0x00007ffd7e2ae000 	C:\WINDOWS\System32\msvcp_win.dll
0x00007ffd7e420000 - 0x00007ffd7e51a000 	C:\WINDOWS\System32\ucrtbase.dll
0x00007ffd6d3c0000 - 0x00007ffd6d645000 	C:\WINDOWS\WinSxS\amd64_microsoft.windows.common-controls_6595b64144ccf1df_6.0.18362.720_none_e6beb5c51314836b\COMCTL32.dll
0x00007ffd793f0000 - 0x00007ffd793fa000 	C:\WINDOWS\SYSTEM32\VERSION.dll
0x00007ffd7f330000 - 0x00007ffd7f666000 	C:\WINDOWS\System32\combase.dll
0x00007ffd7f0b0000 - 0x00007ffd7f130000 	C:\WINDOWS\System32\bcryptPrimitives.dll
0x00007ffd7fd00000 - 0x00007ffd7fd2e000 	C:\WINDOWS\System32\IMM32.DLL
0x00007ffd5d750000 - 0x00007ffd5d83f000 	D:\Program Files\Java\jdk-9.0.4\bin\msvcr120.dll
0x00007ffd5d9f0000 - 0x00007ffd5da96000 	D:\Program Files\Java\jdk-9.0.4\bin\msvcp120.dll
0x0000000053b30000 - 0x0000000054555000 	D:\Program Files\Java\jdk-9.0.4\bin\server\jvm.dll
0x00007ffd81120000 - 0x00007ffd81128000 	C:\WINDOWS\System32\PSAPI.DLL
0x00007ffd790f0000 - 0x00007ffd790f9000 	C:\WINDOWS\SYSTEM32\WSOCK32.dll
0x00007ffd7c1e0000 - 0x00007ffd7c204000 	C:\WINDOWS\SYSTEM32\WINMM.dll
0x00007ffd80be0000 - 0x00007ffd80c4f000 	C:\WINDOWS\System32\WS2_32.dll
0x00007ffd7c080000 - 0x00007ffd7c0ad000 	C:\WINDOWS\SYSTEM32\WINMMBASE.dll
0x00007ffd7f060000 - 0x00007ffd7f0aa000 	C:\WINDOWS\System32\cfgmgr32.dll
0x00007ffd7c0c0000 - 0x00007ffd7c0cf000 	D:\Program Files\Java\jdk-9.0.4\bin\verify.dll
0x00007ffd786c0000 - 0x00007ffd786e7000 	D:\Program Files\Java\jdk-9.0.4\bin\java.dll
0x00007ffd79960000 - 0x00007ffd79976000 	D:\Program Files\Java\jdk-9.0.4\bin\zip.dll
0x00007ffd7c0b0000 - 0x00007ffd7c0ba000 	D:\Program Files\Java\jdk-9.0.4\bin\jimage.dll
0x00007ffd80150000 - 0x00007ffd80835000 	C:\WINDOWS\System32\SHELL32.dll
0x00007ffd7fbd0000 - 0x00007ffd7fc79000 	C:\WINDOWS\System32\shcore.dll
0x00007ffd7e520000 - 0x00007ffd7eca0000 	C:\WINDOWS\System32\windows.storage.dll
0x00007ffd7e1e0000 - 0x00007ffd7e203000 	C:\WINDOWS\System32\profapi.dll
0x00007ffd7e170000 - 0x00007ffd7e1ba000 	C:\WINDOWS\System32\powrprof.dll
0x00007ffd7e140000 - 0x00007ffd7e150000 	C:\WINDOWS\System32\UMPDC.dll
0x00007ffd7fb70000 - 0x00007ffd7fbc2000 	C:\WINDOWS\System32\shlwapi.dll
0x00007ffd7e150000 - 0x00007ffd7e161000 	C:\WINDOWS\System32\kernel.appcore.dll
0x00007ffd7e400000 - 0x00007ffd7e417000 	C:\WINDOWS\System32\cryptsp.dll
0x00007ffd791c0000 - 0x00007ffd791da000 	D:\Program Files\Java\jdk-9.0.4\bin\net.dll
0x00007ffd79d40000 - 0x00007ffd79e31000 	C:\WINDOWS\SYSTEM32\WINHTTP.dll
0x00007ffd7d9b0000 - 0x00007ffd7da17000 	C:\WINDOWS\system32\mswsock.dll
0x00007ffd786a0000 - 0x00007ffd786b1000 	D:\Program Files\Java\jdk-9.0.4\bin\nio.dll
0x000001dab23c0000 - 0x000001dab23c3000 	D:\Program Files\Java\jdk-9.0.4\bin\api-ms-win-core-console-l1-1-0.dll
0x000001dadbc90000 - 0x000001dadbc93000 	D:\Program Files\Java\jdk-9.0.4\bin\api-ms-win-core-datetime-l1-1-0.dll
0x000001dadbca0000 - 0x000001dadbca3000 	D:\Program Files\Java\jdk-9.0.4\bin\api-ms-win-core-debug-l1-1-0.dll
0x000001dadbcb0000 - 0x000001dadbcb3000 	D:\Program Files\Java\jdk-9.0.4\bin\api-ms-win-core-errorhandling-l1-1-0.dll
0x000001dadbcc0000 - 0x000001dadbcc4000 	D:\Program Files\Java\jdk-9.0.4\bin\api-ms-win-core-file-l1-1-0.dll
0x000001dadbcd0000 - 0x000001dadbcd3000 	D:\Program Files\Java\jdk-9.0.4\bin\api-ms-win-core-file-l1-2-0.dll
0x000001dadbce0000 - 0x000001dadbce3000 	D:\Program Files\Java\jdk-9.0.4\bin\api-ms-win-core-file-l2-1-0.dll
0x000001dadbcf0000 - 0x000001dadbcf3000 	D:\Program Files\Java\jdk-9.0.4\bin\api-ms-win-core-handle-l1-1-0.dll
0x000001dadbd00000 - 0x000001dadbd03000 	D:\Program Files\Java\jdk-9.0.4\bin\api-ms-win-core-heap-l1-1-0.dll
0x000001dadbd10000 - 0x000001dadbd13000 	D:\Program Files\Java\jdk-9.0.4\bin\api-ms-win-core-interlocked-l1-1-0.dll
0x000001dadbd20000 - 0x000001dadbd23000 	D:\Program Files\Java\jdk-9.0.4\bin\api-ms-win-core-libraryloader-l1-1-0.dll
0x000001dadbd30000 - 0x000001dadbd33000 	D:\Program Files\Java\jdk-9.0.4\bin\api-ms-win-core-localization-l1-2-0.dll
0x000001dadbd40000 - 0x000001dadbd43000 	D:\Program Files\Java\jdk-9.0.4\bin\api-ms-win-core-memory-l1-1-0.dll
0x000001dadbd50000 - 0x000001dadbd53000 	D:\Program Files\Java\jdk-9.0.4\bin\api-ms-win-core-namedpipe-l1-1-0.dll
0x000001dadbd60000 - 0x000001dadbd63000 	D:\Program Files\Java\jdk-9.0.4\bin\api-ms-win-core-processenvironment-l1-1-0.dll
0x000001dadbd70000 - 0x000001dadbd73000 	D:\Program Files\Java\jdk-9.0.4\bin\api-ms-win-core-processthreads-l1-1-0.dll
0x000001dadbd80000 - 0x000001dadbd83000 	D:\Program Files\Java\jdk-9.0.4\bin\api-ms-win-core-processthreads-l1-1-1.dll
0x000001dadbd90000 - 0x000001dadbd93000 	D:\Program Files\Java\jdk-9.0.4\bin\api-ms-win-core-profile-l1-1-0.dll
0x000001dadbda0000 - 0x000001dadbda3000 	D:\Program Files\Java\jdk-9.0.4\bin\api-ms-win-core-rtlsupport-l1-1-0.dll
0x000001dadbdb0000 - 0x000001dadbdb3000 	D:\Program Files\Java\jdk-9.0.4\bin\api-ms-win-core-string-l1-1-0.dll
0x000001dadbdc0000 - 0x000001dadbdc3000 	D:\Program Files\Java\jdk-9.0.4\bin\api-ms-win-core-synch-l1-1-0.dll
0x000001dadbdd0000 - 0x000001dadbdd3000 	D:\Program Files\Java\jdk-9.0.4\bin\api-ms-win-core-synch-l1-2-0.dll
0x000001dadbde0000 - 0x000001dadbde3000 	D:\Program Files\Java\jdk-9.0.4\bin\api-ms-win-core-sysinfo-l1-1-0.dll
0x000001dadbdf0000 - 0x000001dadbdf3000 	D:\Program Files\Java\jdk-9.0.4\bin\api-ms-win-core-timezone-l1-1-0.dll
0x000001dadbe00000 - 0x000001dadbe03000 	D:\Program Files\Java\jdk-9.0.4\bin\api-ms-win-core-util-l1-1-0.dll
0x000001dadbe10000 - 0x000001dadbe13000 	D:\Program Files\Java\jdk-9.0.4\bin\api-ms-win-crt-conio-l1-1-0.dll
0x000001dadbe20000 - 0x000001dadbe24000 	D:\Program Files\Java\jdk-9.0.4\bin\api-ms-win-crt-convert-l1-1-0.dll
0x000001dadbe30000 - 0x000001dadbe33000 	D:\Program Files\Java\jdk-9.0.4\bin\api-ms-win-crt-environment-l1-1-0.dll
0x000001dadbe40000 - 0x000001dadbe43000 	D:\Program Files\Java\jdk-9.0.4\bin\api-ms-win-crt-filesystem-l1-1-0.dll
0x000001dadbe50000 - 0x000001dadbe53000 	D:\Program Files\Java\jdk-9.0.4\bin\api-ms-win-crt-heap-l1-1-0.dll
0x000001dadbe60000 - 0x000001dadbe63000 	D:\Program Files\Java\jdk-9.0.4\bin\api-ms-win-crt-locale-l1-1-0.dll
0x000001dadbe70000 - 0x000001dadbe75000 	D:\Program Files\Java\jdk-9.0.4\bin\api-ms-win-crt-math-l1-1-0.dll
0x000001dadbe80000 - 0x000001dadbe85000 	D:\Program Files\Java\jdk-9.0.4\bin\api-ms-win-crt-multibyte-l1-1-0.dll
0x000001dadbe90000 - 0x000001dadbea0000 	D:\Program Files\Java\jdk-9.0.4\bin\api-ms-win-crt-private-l1-1-0.dll
0x000001dadbea0000 - 0x000001dadbea3000 	D:\Program Files\Java\jdk-9.0.4\bin\api-ms-win-crt-process-l1-1-0.dll
0x000001dadbeb0000 - 0x000001dadbeb4000 	D:\Program Files\Java\jdk-9.0.4\bin\api-ms-win-crt-runtime-l1-1-0.dll
0x000001dadbec0000 - 0x000001dadbec4000 	D:\Program Files\Java\jdk-9.0.4\bin\api-ms-win-crt-stdio-l1-1-0.dll
0x000001dadbed0000 - 0x000001dadbed4000 	D:\Program Files\Java\jdk-9.0.4\bin\api-ms-win-crt-string-l1-1-0.dll
0x000001dadbee0000 - 0x000001dadbee3000 	D:\Program Files\Java\jdk-9.0.4\bin\api-ms-win-crt-time-l1-1-0.dll
0x000001dadbef0000 - 0x000001dadbef3000 	D:\Program Files\Java\jdk-9.0.4\bin\api-ms-win-crt-utility-l1-1-0.dll
0x00007ffd5a9f0000 - 0x00007ffd5aae6000 	D:\Program Files\Java\jdk-9.0.4\bin\ucrtbase.dll
0x00007ffd76d50000 - 0x00007ffd76d66000 	D:\Program Files\Java\jdk-9.0.4\bin\vcruntime140.dll
0x00007ffd59350000 - 0x00007ffd593ec000 	D:\Program Files\Java\jdk-9.0.4\bin\msvcp140.dll
0x00007ffd65320000 - 0x00007ffd65371000 	D:\Program Files\Java\jdk-9.0.4\bin\concrt140.dll
0x00007ffd76730000 - 0x00007ffd76753000 	D:\Program Files\Java\jdk-9.0.4\bin\prism_d3d.dll
0x00007ffd3c970000 - 0x00007ffd3cb37000 	C:\WINDOWS\system32\d3d9.dll
0x00007ffd7c9f0000 - 0x00007ffd7ca1d000 	C:\WINDOWS\SYSTEM32\dwmapi.dll
0x00007ffd7cdb0000 - 0x00007ffd7cdd0000 	C:\WINDOWS\SYSTEM32\dxcore.dll
0x00007ffd7c4c0000 - 0x00007ffd7c559000 	C:\WINDOWS\system32\uxtheme.dll
0x00007ffd756e0000 - 0x00007ffd757ce000 	C:\WINDOWS\System32\DriverStore\FileRepository\nv_dispi.inf_amd64_db678424d2641c3d\nvldumdx.dll
0x00007ffd7e2b0000 - 0x00007ffd7e3f9000 	C:\WINDOWS\System32\crypt32.dll
0x00007ffd7e1c0000 - 0x00007ffd7e1d2000 	C:\WINDOWS\System32\MSASN1.dll
0x00007ffd7f000000 - 0x00007ffd7f05c000 	C:\WINDOWS\System32\WINTRUST.DLL
0x00007ffd7f970000 - 0x00007ffd7f98d000 	C:\WINDOWS\System32\imagehlp.dll
0x00007ffd7d4c0000 - 0x00007ffd7d4f3000 	C:\WINDOWS\system32\rsaenh.dll
0x00007ffd7f2d0000 - 0x00007ffd7f2f6000 	C:\WINDOWS\System32\bcrypt.dll
0x00007ffd7db80000 - 0x00007ffd7db8c000 	C:\WINDOWS\SYSTEM32\CRYPTBASE.dll
0x00007ffd28fc0000 - 0x00007ffd2a45b000 	C:\WINDOWS\System32\DriverStore\FileRepository\nv_dispi.inf_amd64_db678424d2641c3d\nvd3dumx.dll
0x00007ffd64d60000 - 0x00007ffd64daa000 	D:\Program Files\Java\jdk-9.0.4\bin\glass.dll
0x00007ffd7fd30000 - 0x00007ffd7fe00000 	C:\WINDOWS\System32\COMDLG32.dll
0x00007ffd7fff0000 - 0x00007ffd80147000 	C:\WINDOWS\System32\ole32.dll
0x00007ffd80840000 - 0x00007ffd80904000 	C:\WINDOWS\System32\OLEAUT32.dll
0x00007ffd7fe00000 - 0x00007ffd7ff36000 	C:\WINDOWS\System32\MSCTF.dll
0x00007ffd767f0000 - 0x00007ffd76804000 	D:\Program Files\Java\jdk-9.0.4\bin\javafx_font.dll

VM Arguments:
jvm_args: -Dfile.encoding=UTF-8 -Djava.security.policy=applet.policy 
java_command: graph_visualization.NewFXMain
java_class_path (initial): D:\Documents\jcommon-1.0.0.jar;D:\Documents\jfreechart-1.0.1.jar;D:\Documents\mysql-connector-java-8.0.13.jar;D:\Documents\μιξεγιν\project\jars\commons-lang3-3.8.1.jar;D:\Documents\μιξεγιν\project\jars\commons-logging-1.2.jar;D:\Documents\μιξεγιν\project\jars\hsqldb-2.5.0.jar;D:\Documents\μιξεγιν\project\jars\jackcess-3.0.1.jar;D:\Documents\μιξεγιν\project\jars\ucanaccess-5.0.0.jar;D:\Documents\NetBeansProjects\Network-Evaluation\build\classes
Launcher Type: SUN_STANDARD

Logging:
Log output configuration:
#0: stdout all=warning uptime,level,tags
#1: stderr all=off uptime,level,tags

Environment Variables:
JAVA_HOME=D:\Program Flies\java\lib\visualvm\profiler\lib\deployed\jdk16
PATH=C:\Program Files (x86)\Common Files\Oracle\Java\javapath;C:\ProgramData\Oracle\Java\javapath;C:\WINDOWS\system32;C:\WINDOWS;C:\WINDOWS\System32\Wbem;C:\WINDOWS\System32\WindowsPowerShell\v1.0\;C:\WINDOWS\System32\OpenSSH\;C:\Program Files (x86)\NVIDIA Corporation\PhysX\Common;D:\Program Files\nodejs\;C:\Program Files\MySQL\MySQL Utilities 1.6\;D:\Program Files\Git\cmd;C:\WINDOWS\system32;C:\WINDOWS;C:\WINDOWS\System32\Wbem;C:\WINDOWS\System32\WindowsPowerShell\v1.0\;C:\WINDOWS\System32\OpenSSH\;C:\Program Files\dotnet\;C:\Users\Yoni\AppData\Local\Microsoft\WindowsApps;C:\Users\Yoni\AppData\Roaming\npm;C:\Users\Yoni\AppData\Local\Microsoft\WindowsApps
USERNAME=Yoni
OS=Windows_NT
PROCESSOR_IDENTIFIER=Intel64 Family 6 Model 158 Stepping 9, GenuineIntel



---------------  S Y S T E M  ---------------

OS: Windows 10 , 64 bit Build 18362 (10.0.18362.329)

CPU:total 8 (initial active 8) (4 cores per cpu, 2 threads per core) family 6 model 158 stepping 9, cmov, cx8, fxsr, mmx, sse, sse2, sse3, ssse3, sse4.1, sse4.2, popcnt, avx, avx2, aes, clmul, erms, rtm, 3dnowpref, lzcnt, ht, tsc, tscinvbit, bmi1, bmi2, adx, fma

Memory: 4k page, physical 16734796k(2663656k free), swap 32295648k(260576k free)

vm_info: Java HotSpot(TM) 64-Bit Server VM (9.0.4+11) for windows-amd64 JRE (9.0.4+11), built on Dec 20 2017 02:18:54 by "mach5one" with MS VC++ 12.0 (VS2013)

END.
