#
# There is insufficient memory for the Java Runtime Environment to continue.
# Native memory allocation (mmap) failed to map 268435456 bytes for Failed to commit area from 0x0000000700a00000 to 0x0000000710a00000 of length 268435456.
# Possible reasons:
#   The system is out of physical RAM or swap space
#   The process is running with CompressedOops enabled, and the Java Heap may be blocking the growth of the native heap
# Possible solutions:
#   Reduce memory load on the system
#   Increase physical memory or swap space
#   Check if swap backing store is full
#   Decrease Java heap size (-Xmx/-Xms)
#   Decrease number of Java threads
#   Decrease Java thread stack sizes (-Xss)
#   Set larger code cache with -XX:ReservedCodeCacheSize=
# This output file may be truncated or incomplete.
#
#  Out of Memory Error (t:/workspace/open/src/hotspot/os/windows/os_windows.cpp:3269), pid=18728, tid=17876
#
# JRE version:  (11.0.1+13) (build )
# Java VM: Java HotSpot(TM) 64-Bit Server VM (11.0.1+13-LTS, mixed mode, aot, sharing, tiered, compressed oops, g1 gc, windows-amd64)
# No core dump will be written. Minidumps are not enabled by default on client versions of Windows
#

---------------  S U M M A R Y ------------

Command Line: -Dfile.encoding=UTF-8 gui.Gui_login

Host: Intel(R) Core(TM) i7-7700 CPU @ 3.60GHz, 8 cores, 15G,  Windows 10 , 64 bit Build 18362 (10.0.18362.329)
Time: Tue Mar 24 00:10:08 2020 Jerusalem Standard Time elapsed time: 0 seconds (0d 0h 0m 0s)

---------------  T H R E A D  ---------------

Current thread (0x000001c11f2b7000):  JavaThread "Unknown thread" [_thread_in_vm, id=17876, stack(0x0000000e59400000,0x0000000e59500000)]

Stack: [0x0000000e59400000,0x0000000e59500000]
Native frames: (J=compiled Java code, j=interpreted, Vv=VM code, C=native code)
V  [jvm.dll+0x63c21a]
V  [jvm.dll+0x7797df]
V  [jvm.dll+0x77adca]
V  [jvm.dll+0x77b483]
V  [jvm.dll+0x2627f8]
V  [jvm.dll+0x6396ca]
V  [jvm.dll+0x62dfa5]
V  [jvm.dll+0x31699c]
V  [jvm.dll+0x316822]
V  [jvm.dll+0x31c096]
V  [jvm.dll+0x36842f]
V  [jvm.dll+0x367e50]
V  [jvm.dll+0x2f38b8]
V  [jvm.dll+0x2f4a16]
V  [jvm.dll+0x752da7]
V  [jvm.dll+0x7544ef]
V  [jvm.dll+0x375269]
V  [jvm.dll+0x7394a9]
V  [jvm.dll+0x3e467d]
V  [jvm.dll+0x3e6951]
C  [java.exe+0x3603]
C  [java.exe+0x178dc]
C  [KERNEL32.DLL+0x17bd4]
C  [ntdll.dll+0x6ced1]


---------------  P R O C E S S  ---------------

Threads class SMR info:
_java_thread_list=0x000001c11d1e3500, length=0, elements={
}

Java Threads: ( => current thread )

Other Threads:
  0x000001c11d2ba000 GCTaskThread "GC Thread#0" [stack: 0x0000000e59500000,0x0000000e59600000] [id=8056]
  0x000001c11f325800 ConcurrentGCThread "G1 Main Marker" [stack: 0x0000000e59600000,0x0000000e59700000] [id=28800]
  0x000001c11f326800 ConcurrentGCThread "G1 Conc#0" [stack: 0x0000000e59700000,0x0000000e59800000] [id=29288]

[error occurred during error reporting (printing all threads), id 0xc0000005, EXCEPTION_ACCESS_VIOLATION (0xc0000005) at pc=0x00007ffd1f6b2137]

VM state:not at safepoint (not fully initialized)

VM Mutex/Monitor currently owned by a thread:  ([mutex/lock_event])
[0x000001c11f2b5560] Heap_lock - owner thread: 0x000001c11f2b7000

Heap address: 0x0000000700a00000, size: 4086 MB, Compressed Oops mode: Non-zero based: 0x0000000700a00000
Narrow klass base: 0x0000000000000000, Narrow klass shift: 0

GC Heap History (0 events):
No events

Deoptimization events (0 events):
No events

Classes redefined (0 events):
No events

Internal exceptions (0 events):
No events

Events (0 events):
No events


Dynamic libraries:
0x00007ff639510000 - 0x00007ff639557000 	C:\Program Files\Java\jdk-11.0.1\bin\java.exe
0x00007ffd81280000 - 0x00007ffd81470000 	C:\WINDOWS\SYSTEM32\ntdll.dll
0x00007ffd80ab0000 - 0x00007ffd80b62000 	C:\WINDOWS\System32\KERNEL32.DLL
0x00007ffd7ed50000 - 0x00007ffd7eff3000 	C:\WINDOWS\System32\KERNELBASE.dll
0x00007ffd81190000 - 0x00007ffd81233000 	C:\WINDOWS\System32\ADVAPI32.dll
0x00007ffd7fad0000 - 0x00007ffd7fb6e000 	C:\WINDOWS\System32\msvcrt.dll
0x00007ffd7ff50000 - 0x00007ffd7ffe7000 	C:\WINDOWS\System32\sechost.dll
0x00007ffd7f850000 - 0x00007ffd7f970000 	C:\WINDOWS\System32\RPCRT4.dll
0x00007ffd80910000 - 0x00007ffd80aa4000 	C:\WINDOWS\System32\USER32.dll
0x00007ffd7f300000 - 0x00007ffd7f321000 	C:\WINDOWS\System32\win32u.dll
0x00007ffd7f670000 - 0x00007ffd7f696000 	C:\WINDOWS\System32\GDI32.dll
0x00007ffd7f130000 - 0x00007ffd7f2c4000 	C:\WINDOWS\System32\gdi32full.dll
0x00007ffd7e210000 - 0x00007ffd7e2ae000 	C:\WINDOWS\System32\msvcp_win.dll
0x00007ffd7e420000 - 0x00007ffd7e51a000 	C:\WINDOWS\System32\ucrtbase.dll
0x00007ffd6d3c0000 - 0x00007ffd6d645000 	C:\WINDOWS\WinSxS\amd64_microsoft.windows.common-controls_6595b64144ccf1df_6.0.18362.720_none_e6beb5c51314836b\COMCTL32.dll
0x00007ffd793f0000 - 0x00007ffd793fa000 	C:\WINDOWS\SYSTEM32\VERSION.dll
0x00007ffd7f330000 - 0x00007ffd7f666000 	C:\WINDOWS\System32\combase.dll
0x00007ffd7f0b0000 - 0x00007ffd7f130000 	C:\WINDOWS\System32\bcryptPrimitives.dll
0x00007ffd7fd00000 - 0x00007ffd7fd2e000 	C:\WINDOWS\System32\IMM32.DLL
0x00007ffd6b7f0000 - 0x00007ffd6b806000 	C:\Program Files\Java\jdk-11.0.1\bin\vcruntime140.dll
0x00007ffd5d790000 - 0x00007ffd5d83a000 	C:\Program Files\Java\jdk-11.0.1\bin\msvcp140.dll
0x00007ffd1f3b0000 - 0x00007ffd1fef2000 	C:\Program Files\Java\jdk-11.0.1\bin\server\jvm.dll
0x00007ffd81120000 - 0x00007ffd81128000 	C:\WINDOWS\System32\PSAPI.DLL
0x00007ffd790f0000 - 0x00007ffd790f9000 	C:\WINDOWS\SYSTEM32\WSOCK32.dll
0x00007ffd7c1e0000 - 0x00007ffd7c204000 	C:\WINDOWS\SYSTEM32\WINMM.dll
0x00007ffd80be0000 - 0x00007ffd80c4f000 	C:\WINDOWS\System32\WS2_32.dll
0x00007ffd7c080000 - 0x00007ffd7c0ad000 	C:\WINDOWS\SYSTEM32\winmmbase.dll
0x00007ffd7f060000 - 0x00007ffd7f0aa000 	C:\WINDOWS\System32\cfgmgr32.dll
0x00007ffd7e150000 - 0x00007ffd7e161000 	C:\WINDOWS\System32\kernel.appcore.dll
0x00007ffd66d80000 - 0x00007ffd66d91000 	C:\Program Files\Java\jdk-11.0.1\bin\verify.dll
0x00007ffd78200000 - 0x00007ffd783f4000 	C:\WINDOWS\SYSTEM32\DBGHELP.DLL
0x00007ffd77f30000 - 0x00007ffd77f5a000 	C:\WINDOWS\SYSTEM32\dbgcore.DLL
0x00007ffd61b60000 - 0x00007ffd61b89000 	C:\Program Files\Java\jdk-11.0.1\bin\java.dll
0x00007ffd66d60000 - 0x00007ffd66d76000 	C:\Program Files\Java\jdk-11.0.1\bin\zip.dll
0x00007ffd790e0000 - 0x00007ffd790ea000 	C:\Program Files\Java\jdk-11.0.1\bin\jimage.dll

dbghelp: loaded successfully - version: 4.0.5 - missing functions: none
symbol engine: initialized successfully - sym options: 0x614 - pdb path: .;C:\Program Files\Java\jdk-11.0.1\bin;C:\WINDOWS\SYSTEM32;C:\WINDOWS\WinSxS\amd64_microsoft.windows.common-controls_6595b64144ccf1df_6.0.18362.720_none_e6beb5c51314836b;C:\Program Files\Java\jdk-11.0.1\bin\server

VM Arguments:
jvm_args: -Dfile.encoding=UTF-8 
java_command: gui.Gui_login
java_class_path (initial): D:\Documents\jcommon-1.0.0.jar;D:\Documents\jfreechart-1.0.1.jar;D:\Documents\mysql-connector-java-8.0.13.jar;D:\Documents\μιξεγιν\project\jars\commons-lang3-3.8.1.jar;D:\Documents\μιξεγιν\project\jars\commons-logging-1.2.jar;D:\Documents\μιξεγιν\project\jars\hsqldb-2.5.0.jar;D:\Documents\μιξεγιν\project\jars\jackcess-3.0.1.jar;D:\Documents\μιξεγιν\project\jars\ucanaccess-5.0.0.jar;D:\Documents\NetBeansProjects\Network-Evaluation\build\classes
Launcher Type: SUN_STANDARD

[Global flags]
     intx CICompilerCount                          = 4                                         {product} {ergonomic}
     uint ConcGCThreads                            = 2                                         {product} {ergonomic}
     uint G1ConcRefinementThreads                  = 8                                         {product} {ergonomic}
   size_t G1HeapRegionSize                         = 1048576                                   {product} {ergonomic}
    uintx GCDrainStackTargetSize                   = 64                                        {product} {ergonomic}
   size_t InitialHeapSize                          = 268435456                                 {product} {ergonomic}
   size_t MarkStackSize                            = 4194304                                   {product} {ergonomic}
   size_t MaxHeapSize                              = 4284481536                                {product} {ergonomic}
   size_t MinHeapDeltaBytes                        = 1048576                                   {product} {ergonomic}
    uintx NonNMethodCodeHeapSize                   = 5835340                                {pd product} {ergonomic}
    uintx NonProfiledCodeHeapSize                  = 122911450                              {pd product} {ergonomic}
    uintx ProfiledCodeHeapSize                     = 122911450                              {pd product} {ergonomic}
    uintx ReservedCodeCacheSize                    = 251658240                              {pd product} {ergonomic}
     bool SegmentedCodeCache                       = true                                      {product} {ergonomic}
     bool UseCompressedClassPointers               = true                                 {lp64_product} {ergonomic}
     bool UseCompressedOops                        = true                                 {lp64_product} {ergonomic}
     bool UseG1GC                                  = true                                      {product} {ergonomic}
     bool UseLargePagesIndividualAllocation        = false                                  {pd product} {ergonomic}

Logging:
Log output configuration:
 #0: stdout all=warning uptime,level,tags
 #1: stderr all=off uptime,level,tags

Environment Variables:
JAVA_HOME=D:\Program Flies\java\lib\visualvm\profiler\lib\deployed\jdk16
PATH=C:\Program Files (x86)\Common Files\Oracle\Java\javapath;C:\ProgramData\Oracle\Java\javapath;C:\WINDOWS\system32;C:\WINDOWS;C:\WINDOWS\System32\Wbem;C:\WINDOWS\System32\WindowsPowerShell\v1.0\;C:\WINDOWS\System32\OpenSSH\;C:\Program Files (x86)\NVIDIA Corporation\PhysX\Common;D:\Program Files\nodejs\;C:\Program Files\MySQL\MySQL Utilities 1.6\;D:\Program Files\Git\cmd;C:\WINDOWS\system32;C:\WINDOWS;C:\WINDOWS\System32\Wbem;C:\WINDOWS\System32\WindowsPowerShell\v1.0\;C:\WINDOWS\System32\OpenSSH\;C:\Program Files\dotnet\;C:\Users\Yoni\AppData\Local\Microsoft\WindowsApps;C:\Users\Yoni\AppData\Roaming\npm;C:\Users\Yoni\AppData\Local\Microsoft\WindowsApps
USERNAME=Yoni
OS=Windows_NT
PROCESSOR_IDENTIFIER=Intel64 Family 6 Model 158 Stepping 9, GenuineIntel



---------------  S Y S T E M  ---------------

OS: Windows 10 , 64 bit Build 18362 (10.0.18362.329)

CPU:total 8 (initial active 8) (4 cores per cpu, 2 threads per core) family 6 model 158 stepping 9, cmov, cx8, fxsr, mmx, sse, sse2, sse3, ssse3, sse4.1, sse4.2, popcnt, avx, avx2, aes, clmul, erms, rtm, 3dnowpref, lzcnt, ht, tsc, tscinvbit, bmi1, bmi2, adx, fma

Memory: 4k page, system-wide physical 16342M (5265M free)
TotalPageFile size 31538M (AvailPageFile size 152M)
current process WorkingSet (physical memory assigned to process): 10M, peak: 10M
current process commit charge ("private bytes"): 60M, peak: 316M

vm_info: Java HotSpot(TM) 64-Bit Server VM (11.0.1+13-LTS) for windows-amd64 JRE (11.0.1+13-LTS), built on Oct  6 2018 13:20:16 by "mach5one" with MS VC++ 15.5 (VS2017)

END.
